2020-01-11 00:02:17.675  INFO 9358 --- [SpringContextShutdownHook] o.s.s.concurrent.ThreadPoolTaskExecutor  : Shutting down ExecutorService 'applicationTaskExecutor'
2020-01-11 00:02:17.700  INFO 9358 --- [SpringContextShutdownHook] j.LocalContainerEntityManagerFactoryBean : Closing JPA EntityManagerFactory for persistence unit 'default'
2020-01-11 00:02:17.705  INFO 9358 --- [SpringContextShutdownHook] com.zaxxer.hikari.HikariDataSource       : HikariPool-1 - Shutdown initiated...
2020-01-11 00:02:17.716  INFO 9358 --- [SpringContextShutdownHook] com.zaxxer.hikari.HikariDataSource       : HikariPool-1 - Shutdown completed.
2020-01-11 00:02:22.305  INFO 10169 --- [main] hotels.Application                       : Starting Application on fedora-pawel with PID 10169 (/home/Estymator/Documents/IdeaProjects/Hotel_Service/build/classes/java/main started by Estymator in /home/Estymator/Documents/IdeaProjects/Hotel_Service)
2020-01-11 00:02:22.308  INFO 10169 --- [main] hotels.Application                       : No active profile set, falling back to default profiles: default
2020-01-11 00:02:22.938  INFO 10169 --- [main] .s.d.r.c.RepositoryConfigurationDelegate : Bootstrapping Spring Data repositories in DEFAULT mode.
2020-01-11 00:02:23.010  INFO 10169 --- [main] .s.d.r.c.RepositoryConfigurationDelegate : Finished Spring Data repository scanning in 63ms. Found 12 repository interfaces.
2020-01-11 00:02:23.342  INFO 10169 --- [main] trationDelegate$BeanPostProcessorChecker : Bean 'org.springframework.transaction.annotation.ProxyTransactionManagementConfiguration' of type [org.springframework.transaction.annotation.ProxyTransactionManagementConfiguration] is not eligible for getting processed by all BeanPostProcessors (for example: not eligible for auto-proxying)
2020-01-11 00:02:23.563  INFO 10169 --- [main] o.s.b.w.embedded.tomcat.TomcatWebServer  : Tomcat initialized with port(s): 8085 (http)
2020-01-11 00:02:23.573  INFO 10169 --- [main] o.apache.catalina.core.StandardService   : Starting service [Tomcat]
2020-01-11 00:02:23.573  INFO 10169 --- [main] org.apache.catalina.core.StandardEngine  : Starting Servlet engine: [Apache Tomcat/9.0.27]
2020-01-11 00:02:23.652  INFO 10169 --- [main] o.a.c.c.C.[Tomcat].[localhost].[/]       : Initializing Spring embedded WebApplicationContext
2020-01-11 00:02:23.652  INFO 10169 --- [main] o.s.web.context.ContextLoader            : Root WebApplicationContext: initialization completed in 1302 ms
2020-01-11 00:02:23.790  INFO 10169 --- [main] o.hibernate.jpa.internal.util.LogHelper  : HHH000204: Processing PersistenceUnitInfo [name: default]
2020-01-11 00:02:23.845  INFO 10169 --- [main] org.hibernate.Version                    : HHH000412: Hibernate Core {5.4.8.Final}
2020-01-11 00:02:23.957  INFO 10169 --- [main] o.hibernate.annotations.common.Version   : HCANN000001: Hibernate Commons Annotations {5.1.0.Final}
2020-01-11 00:02:24.033  INFO 10169 --- [main] com.zaxxer.hikari.HikariDataSource       : HikariPool-1 - Starting...
2020-01-11 00:02:24.400  INFO 10169 --- [main] com.zaxxer.hikari.HikariDataSource       : HikariPool-1 - Start completed.
2020-01-11 00:02:24.415  INFO 10169 --- [main] org.hibernate.dialect.Dialect            : HHH000400: Using dialect: org.hibernate.dialect.MySQL8Dialect
2020-01-11 00:02:25.088  INFO 10169 --- [main] o.h.e.t.j.p.i.JtaPlatformInitiator       : HHH000490: Using JtaPlatform implementation: [org.hibernate.engine.transaction.jta.platform.internal.NoJtaPlatform]
2020-01-11 00:02:25.095  INFO 10169 --- [main] j.LocalContainerEntityManagerFactoryBean : Initialized JPA EntityManagerFactory for persistence unit 'default'
2020-01-11 00:02:25.644  WARN 10169 --- [main] JpaBaseConfiguration$JpaWebConfiguration : spring.jpa.open-in-view is enabled by default. Therefore, database queries may be performed during view rendering. Explicitly configure spring.jpa.open-in-view to disable this warning
2020-01-11 00:02:25.764  INFO 10169 --- [main] o.s.s.web.DefaultSecurityFilterChain     : Creating filter chain: Ant [pattern='/resources/**'], []
2020-01-11 00:02:25.765  INFO 10169 --- [main] o.s.s.web.DefaultSecurityFilterChain     : Creating filter chain: Ant [pattern='/static/**'], []
2020-01-11 00:02:25.765  INFO 10169 --- [main] o.s.s.web.DefaultSecurityFilterChain     : Creating filter chain: Ant [pattern='/css/**'], []
2020-01-11 00:02:25.765  INFO 10169 --- [main] o.s.s.web.DefaultSecurityFilterChain     : Creating filter chain: Ant [pattern='/js/**'], []
2020-01-11 00:02:25.765  INFO 10169 --- [main] o.s.s.web.DefaultSecurityFilterChain     : Creating filter chain: Ant [pattern='/images/**'], []
2020-01-11 00:02:25.805  INFO 10169 --- [main] o.s.s.web.DefaultSecurityFilterChain     : Creating filter chain: any request, [org.springframework.security.web.context.request.async.WebAsyncManagerIntegrationFilter@63b0b3dd, org.springframework.security.web.context.SecurityContextPersistenceFilter@5065bdac, org.springframework.security.web.header.HeaderWriterFilter@3d7caf9c, org.springframework.web.filter.CorsFilter@397dfbe8, org.springframework.security.web.authentication.logout.LogoutFilter@5cb6abc8, org.springframework.security.web.authentication.UsernamePasswordAuthenticationFilter@37f71e8, org.springframework.security.web.savedrequest.RequestCacheAwareFilter@6e617c0e, org.springframework.security.web.servletapi.SecurityContextHolderAwareRequestFilter@4a9ff419, org.springframework.security.web.authentication.AnonymousAuthenticationFilter@783f5f71, org.springframework.security.web.session.SessionManagementFilter@1782896, org.springframework.security.web.access.ExceptionTranslationFilter@7cf66cf9, org.springframework.security.web.access.intercept.FilterSecurityInterceptor@26d445e9]
2020-01-11 00:02:25.926  INFO 10169 --- [main] o.s.s.concurrent.ThreadPoolTaskExecutor  : Initializing ExecutorService 'applicationTaskExecutor'
2020-01-11 00:02:26.238  INFO 10169 --- [main] o.s.b.w.embedded.tomcat.TomcatWebServer  : Tomcat started on port(s): 8085 (http) with context path ''
2020-01-11 00:02:26.240  INFO 10169 --- [main] hotels.Application                       : Started Application in 4.473 seconds (JVM running for 4.899)
2020-01-11 00:04:42.473  INFO 10169 --- [SpringContextShutdownHook] o.s.s.concurrent.ThreadPoolTaskExecutor  : Shutting down ExecutorService 'applicationTaskExecutor'
2020-01-11 00:04:42.478  INFO 10169 --- [SpringContextShutdownHook] j.LocalContainerEntityManagerFactoryBean : Closing JPA EntityManagerFactory for persistence unit 'default'
2020-01-11 00:04:42.481  INFO 10169 --- [SpringContextShutdownHook] com.zaxxer.hikari.HikariDataSource       : HikariPool-1 - Shutdown initiated...
2020-01-11 00:04:42.487  INFO 10169 --- [SpringContextShutdownHook] com.zaxxer.hikari.HikariDataSource       : HikariPool-1 - Shutdown completed.
2020-01-11 00:04:46.321  INFO 10351 --- [main] hotels.Application                       : Starting Application on fedora-pawel with PID 10351 (/home/Estymator/Documents/IdeaProjects/Hotel_Service/build/classes/java/main started by Estymator in /home/Estymator/Documents/IdeaProjects/Hotel_Service)
2020-01-11 00:04:46.324  INFO 10351 --- [main] hotels.Application                       : No active profile set, falling back to default profiles: default
2020-01-11 00:04:46.935  INFO 10351 --- [main] .s.d.r.c.RepositoryConfigurationDelegate : Bootstrapping Spring Data repositories in DEFAULT mode.
2020-01-11 00:04:47.022  INFO 10351 --- [main] .s.d.r.c.RepositoryConfigurationDelegate : Finished Spring Data repository scanning in 78ms. Found 12 repository interfaces.
2020-01-11 00:04:47.311  INFO 10351 --- [main] trationDelegate$BeanPostProcessorChecker : Bean 'org.springframework.transaction.annotation.ProxyTransactionManagementConfiguration' of type [org.springframework.transaction.annotation.ProxyTransactionManagementConfiguration] is not eligible for getting processed by all BeanPostProcessors (for example: not eligible for auto-proxying)
2020-01-11 00:04:47.505  INFO 10351 --- [main] o.s.b.w.embedded.tomcat.TomcatWebServer  : Tomcat initialized with port(s): 8085 (http)
2020-01-11 00:04:47.518  INFO 10351 --- [main] o.apache.catalina.core.StandardService   : Starting service [Tomcat]
2020-01-11 00:04:47.519  INFO 10351 --- [main] org.apache.catalina.core.StandardEngine  : Starting Servlet engine: [Apache Tomcat/9.0.27]
2020-01-11 00:04:47.596  INFO 10351 --- [main] o.a.c.c.C.[Tomcat].[localhost].[/]       : Initializing Spring embedded WebApplicationContext
2020-01-11 00:04:47.597  INFO 10351 --- [main] o.s.web.context.ContextLoader            : Root WebApplicationContext: initialization completed in 1234 ms
2020-01-11 00:04:47.729  INFO 10351 --- [main] o.hibernate.jpa.internal.util.LogHelper  : HHH000204: Processing PersistenceUnitInfo [name: default]
2020-01-11 00:04:47.770  INFO 10351 --- [main] org.hibernate.Version                    : HHH000412: Hibernate Core {5.4.8.Final}
2020-01-11 00:04:47.870  INFO 10351 --- [main] o.hibernate.annotations.common.Version   : HCANN000001: Hibernate Commons Annotations {5.1.0.Final}
2020-01-11 00:04:47.933  INFO 10351 --- [main] com.zaxxer.hikari.HikariDataSource       : HikariPool-1 - Starting...
2020-01-11 00:04:48.245  INFO 10351 --- [main] com.zaxxer.hikari.HikariDataSource       : HikariPool-1 - Start completed.
2020-01-11 00:04:48.257  INFO 10351 --- [main] org.hibernate.dialect.Dialect            : HHH000400: Using dialect: org.hibernate.dialect.MySQL8Dialect
2020-01-11 00:04:48.892  INFO 10351 --- [main] o.h.e.t.j.p.i.JtaPlatformInitiator       : HHH000490: Using JtaPlatform implementation: [org.hibernate.engine.transaction.jta.platform.internal.NoJtaPlatform]
2020-01-11 00:04:48.898  INFO 10351 --- [main] j.LocalContainerEntityManagerFactoryBean : Initialized JPA EntityManagerFactory for persistence unit 'default'
2020-01-11 00:04:49.429  WARN 10351 --- [main] JpaBaseConfiguration$JpaWebConfiguration : spring.jpa.open-in-view is enabled by default. Therefore, database queries may be performed during view rendering. Explicitly configure spring.jpa.open-in-view to disable this warning
2020-01-11 00:04:49.536  INFO 10351 --- [main] o.s.s.web.DefaultSecurityFilterChain     : Creating filter chain: Ant [pattern='/resources/**'], []
2020-01-11 00:04:49.536  INFO 10351 --- [main] o.s.s.web.DefaultSecurityFilterChain     : Creating filter chain: Ant [pattern='/static/**'], []
2020-01-11 00:04:49.536  INFO 10351 --- [main] o.s.s.web.DefaultSecurityFilterChain     : Creating filter chain: Ant [pattern='/css/**'], []
2020-01-11 00:04:49.536  INFO 10351 --- [main] o.s.s.web.DefaultSecurityFilterChain     : Creating filter chain: Ant [pattern='/js/**'], []
2020-01-11 00:04:49.537  INFO 10351 --- [main] o.s.s.web.DefaultSecurityFilterChain     : Creating filter chain: Ant [pattern='/images/**'], []
2020-01-11 00:04:49.575  INFO 10351 --- [main] o.s.s.web.DefaultSecurityFilterChain     : Creating filter chain: any request, [org.springframework.security.web.context.request.async.WebAsyncManagerIntegrationFilter@7526bb18, org.springframework.security.web.context.SecurityContextPersistenceFilter@1ab21633, org.springframework.security.web.header.HeaderWriterFilter@5ba36c83, org.springframework.web.filter.CorsFilter@7112b21a, org.springframework.security.web.authentication.logout.LogoutFilter@5eef8a16, org.springframework.security.web.authentication.UsernamePasswordAuthenticationFilter@33827b88, org.springframework.security.web.savedrequest.RequestCacheAwareFilter@169d4aba, org.springframework.security.web.servletapi.SecurityContextHolderAwareRequestFilter@a93c798, org.springframework.security.web.authentication.AnonymousAuthenticationFilter@30bf881e, org.springframework.security.web.session.SessionManagementFilter@239d9cb7, org.springframework.security.web.access.ExceptionTranslationFilter@1e3dc24f, org.springframework.security.web.access.intercept.FilterSecurityInterceptor@63b0b3dd]
2020-01-11 00:04:49.701  INFO 10351 --- [main] o.s.s.concurrent.ThreadPoolTaskExecutor  : Initializing ExecutorService 'applicationTaskExecutor'
2020-01-11 00:04:49.905  INFO 10351 --- [main] o.s.b.w.embedded.tomcat.TomcatWebServer  : Tomcat started on port(s): 8085 (http) with context path ''
2020-01-11 00:04:49.907  INFO 10351 --- [main] hotels.Application                       : Started Application in 4.091 seconds (JVM running for 4.478)
2020-01-11 00:10:32.713  INFO 10351 --- [SpringContextShutdownHook] o.s.s.concurrent.ThreadPoolTaskExecutor  : Shutting down ExecutorService 'applicationTaskExecutor'
2020-01-11 00:10:32.752  INFO 10351 --- [SpringContextShutdownHook] j.LocalContainerEntityManagerFactoryBean : Closing JPA EntityManagerFactory for persistence unit 'default'
2020-01-11 00:10:32.768  INFO 10351 --- [SpringContextShutdownHook] com.zaxxer.hikari.HikariDataSource       : HikariPool-1 - Shutdown initiated...
2020-01-11 00:10:32.793  INFO 10351 --- [SpringContextShutdownHook] com.zaxxer.hikari.HikariDataSource       : HikariPool-1 - Shutdown completed.
